# JRE version: Java(TM) SE Runtime Environment 18.9 (11.0.8+10) (build 11.0.8+10-LTS)
# Java VM: Java HotSpot(TM) 64-Bit Server VM 18.9 (11.0.8+10-LTS, mixed mode, tiered, compressed oops, parallel gc, windows-amd64)
Heap:
 PSYoungGen      total 23552K, used 17K [0x00000000eab00000, 0x00000000eca80000, 0x0000000100000000)
  eden space 22528K, 0% used [0x00000000eab00000,0x00000000eab04470,0x00000000ec100000)
  from space 1024K, 0% used [0x00000000ec380000,0x00000000ec380000,0x00000000ec480000)
  to   space 2560K, 0% used [0x00000000ec800000,0x00000000ec800000,0x00000000eca80000)
 ParOldGen       total 68608K, used 24596K [0x00000000c0000000, 0x00000000c4300000, 0x00000000eab00000)
  object space 68608K, 35% used [0x00000000c0000000,0x00000000c1805140,0x00000000c4300000)
 Metaspace       used 33815K, capacity 35370K, committed 35584K, reserved 1081344K
  class space    used 3166K, capacity 3752K, committed 3840K, reserved 1048576K
GC Heap History (10 events):
Event: 15.349 GC heap before
{Heap before GC invocations=9 (full 1):
 PSYoungGen      total 30720K, used 30695K [0x00000000eab00000, 0x00000000ed480000, 0x0000000100000000)
  eden space 24064K, 100% used [0x00000000eab00000,0x00000000ec280000,0x00000000ec280000)
  from space 6656K, 99% used [0x00000000ec300000,0x00000000ec979f88,0x00000000ec980000)
  to   space 9216K, 0% used [0x00000000ecb80000,0x00000000ecb80000,0x00000000ed480000)
 ParOldGen       total 68608K, used 11213K [0x00000000c0000000, 0x00000000c4300000, 0x00000000eab00000)
  object space 68608K, 16% used [0x00000000c0000000,0x00000000c0af37f8,0x00000000c4300000)
 Metaspace       used 31395K, capacity 33050K, committed 33280K, reserved 1079296K
  class space    used 2993K, capacity 3575K, committed 3584K, reserved 1048576K
}
Event: 15.413 GC heap after
{Heap after GC invocations=9 (full 1):
 PSYoungGen      total 30720K, used 6672K [0x00000000eab00000, 0x00000000ed280000, 0x0000000100000000)
  eden space 23552K, 0% used [0x00000000eab00000,0x00000000eab00000,0x00000000ec200000)
  from space 7168K, 93% used [0x00000000ecb80000,0x00000000ed204030,0x00000000ed280000)
  to   space 7680K, 0% used [0x00000000ec380000,0x00000000ec380000,0x00000000ecb00000)
 ParOldGen       total 68608K, used 13373K [0x00000000c0000000, 0x00000000c4300000, 0x00000000eab00000)
  object space 68608K, 19% used [0x00000000c0000000,0x00000000c0d0f620,0x00000000c4300000)
 Metaspace       used 31395K, capacity 33050K, committed 33280K, reserved 1079296K
  class space    used 2993K, capacity 3575K, committed 3584K, reserved 1048576K
}
Event: 15.521 GC heap before
{Heap before GC invocations=10 (full 1):
 PSYoungGen      total 30720K, used 30224K [0x00000000eab00000, 0x00000000ed280000, 0x0000000100000000)
  eden space 23552K, 100% used [0x00000000eab00000,0x00000000ec200000,0x00000000ec200000)
  from space 7168K, 93% used [0x00000000ecb80000,0x00000000ed204030,0x00000000ed280000)
  to   space 7680K, 0% used [0x00000000ec380000,0x00000000ec380000,0x00000000ecb00000)
 ParOldGen       total 68608K, used 13373K [0x00000000c0000000, 0x00000000c4300000, 0x00000000eab00000)
  object space 68608K, 19% used [0x00000000c0000000,0x00000000c0d0f620,0x00000000c4300000)
 Metaspace       used 31395K, capacity 33050K, committed 33280K, reserved 1079296K
  class space    used 2993K, capacity 3575K, committed 3584K, reserved 1048576K
}
Event: 15.550 GC heap after
{Heap after GC invocations=10 (full 1):
 PSYoungGen      total 29696K, used 6592K [0x00000000eab00000, 0x00000000ecf80000, 0x0000000100000000)
  eden space 23040K, 0% used [0x00000000eab00000,0x00000000eab00000,0x00000000ec180000)
  from space 6656K, 99% used [0x00000000ec380000,0x00000000ec9f0020,0x00000000eca00000)
  to   space 5632K, 0% used [0x00000000eca00000,0x00000000eca00000,0x00000000ecf80000)
 ParOldGen       total 68608K, used 15525K [0x00000000c0000000, 0x00000000c4300000, 0x00000000eab00000)
  object space 68608K, 22% used [0x00000000c0000000,0x00000000c0f294d8,0x00000000c4300000)
 Metaspace       used 31395K, capacity 33050K, committed 33280K, reserved 1079296K
  class space    used 2993K, capacity 3575K, committed 3584K, reserved 1048576K
}
Event: 16.801 GC heap before
{Heap before GC invocations=11 (full 1):
 PSYoungGen      total 29696K, used 29632K [0x00000000eab00000, 0x00000000ecf80000, 0x0000000100000000)
  eden space 23040K, 100% used [0x00000000eab00000,0x00000000ec180000,0x00000000ec180000)
  from space 6656K, 99% used [0x00000000ec380000,0x00000000ec9f0020,0x00000000eca00000)
  to   space 5632K, 0% used [0x00000000eca00000,0x00000000eca00000,0x00000000ecf80000)
 ParOldGen       total 68608K, used 15525K [0x00000000c0000000, 0x00000000c4300000, 0x00000000eab00000)
  object space 68608K, 22% used [0x00000000c0000000,0x00000000c0f294d8,0x00000000c4300000)
 Metaspace       used 32058K, capacity 33674K, committed 33920K, reserved 1079296K
  class space    used 3051K, capacity 3656K, committed 3712K, reserved 1048576K
}
Event: 16.841 GC heap after
{Heap after GC invocations=11 (full 1):
 PSYoungGen      total 27136K, used 4448K [0x00000000eab00000, 0x00000000ece80000, 0x0000000100000000)
  eden space 22528K, 0% used [0x00000000eab00000,0x00000000eab00000,0x00000000ec100000)
  from space 4608K, 96% used [0x00000000eca00000,0x00000000ece58000,0x00000000ece80000)
  to   space 5632K, 0% used [0x00000000ec380000,0x00000000ec380000,0x00000000ec900000)
 ParOldGen       total 68608K, used 20040K [0x00000000c0000000, 0x00000000c4300000, 0x00000000eab00000)
  object space 68608K, 29% used [0x00000000c0000000,0x00000000c1392000,0x00000000c4300000)
 Metaspace       used 32058K, capacity 33674K, committed 33920K, reserved 1079296K
  class space    used 3051K, capacity 3656K, committed 3712K, reserved 1048576K
}
Event: 17.136 GC heap before
{Heap before GC invocations=12 (full 1):
 PSYoungGen      total 27136K, used 8759K [0x00000000eab00000, 0x00000000ece80000, 0x0000000100000000)
  eden space 22528K, 19% used [0x00000000eab00000,0x00000000eaf35e88,0x00000000ec100000)
  from space 4608K, 96% used [0x00000000eca00000,0x00000000ece58000,0x00000000ece80000)
  to   space 5632K, 0% used [0x00000000ec380000,0x00000000ec380000,0x00000000ec900000)
 ParOldGen       total 68608K, used 20040K [0x00000000c0000000, 0x00000000c4300000, 0x00000000eab00000)
  object space 68608K, 29% used [0x00000000c0000000,0x00000000c1392000,0x00000000c4300000)
 Metaspace       used 33630K, capacity 35178K, committed 35328K, reserved 1081344K
  class space    used 3165K, capacity 3752K, committed 3840K, reserved 1048576K
}
Event: 17.151 GC heap after
{Heap after GC invocations=12 (full 1):
 PSYoungGen      total 23552K, used 564K [0x00000000eab00000, 0x00000000eca80000, 0x0000000100000000)
  eden space 22528K, 0% used [0x00000000eab00000,0x00000000eab00000,0x00000000ec100000)
  from space 1024K, 55% used [0x00000000ec380000,0x00000000ec40d2a0,0x00000000ec480000)
  to   space 2560K, 0% used [0x00000000ec800000,0x00000000ec800000,0x00000000eca80000)
 ParOldGen       total 68608K, used 24479K [0x00000000c0000000, 0x00000000c4300000, 0x00000000eab00000)
  object space 68608K, 35% used [0x00000000c0000000,0x00000000c17e7db0,0x00000000c4300000)
 Metaspace       used 33630K, capacity 35178K, committed 35328K, reserved 1081344K
  class space    used 3165K, capacity 3752K, committed 3840K, reserved 1048576K
}
Event: 17.151 GC heap before
{Heap before GC invocations=13 (full 2):
 PSYoungGen      total 23552K, used 564K [0x00000000eab00000, 0x00000000eca80000, 0x0000000100000000)
  eden space 22528K, 0% used [0x00000000eab00000,0x00000000eab00000,0x00000000ec100000)
  from space 1024K, 55% used [0x00000000ec380000,0x00000000ec40d2a0,0x00000000ec480000)
  to   space 2560K, 0% used [0x00000000ec800000,0x00000000ec800000,0x00000000eca80000)
 ParOldGen       total 68608K, used 24479K [0x00000000c0000000, 0x00000000c4300000, 0x00000000eab00000)
  object space 68608K, 35% used [0x00000000c0000000,0x00000000c17e7db0,0x00000000c4300000)
 Metaspace       used 33630K, capacity 35178K, committed 35328K, reserved 1081344K
  class space    used 3165K, capacity 3752K, committed 3840K, reserved 1048576K
}
Event: 17.468 GC heap after
{Heap after GC invocations=13 (full 2):
 PSYoungGen      total 23552K, used 0K [0x00000000eab00000, 0x00000000eca80000, 0x0000000100000000)
  eden space 22528K, 0% used [0x00000000eab00000,0x00000000eab00000,0x00000000ec100000)
  from space 1024K, 0% used [0x00000000ec380000,0x00000000ec380000,0x00000000ec480000)
  to   space 2560K, 0% used [0x00000000ec800000,0x00000000ec800000,0x00000000eca80000)
 ParOldGen       total 68608K, used 24596K [0x00000000c0000000, 0x00000000c4300000, 0x00000000eab00000)
  object space 68608K, 35% used [0x00000000c0000000,0x00000000c1805140,0x00000000c4300000)
 Metaspace       used 33630K, capacity 35178K, committed 35328K, reserved 1081344K
  class space    used 3165K, capacity 3752K, committed 3840K, reserved 1048576K
}

